# JRE version: OpenJDK Runtime Environment (21.0.10) (build 21.0.10+-14961533-b1163.108)
# Java VM: OpenJDK 64-Bit Server VM (21.0.10+-14961533-b1163.108, mixed mode, tiered, compressed oops, compressed class ptrs, g1 gc, windows-amd64)
GC Precious Log:
 CardTable entry size: 512
 Card Set container configuration: InlinePtr #cards 4 size 8 Array Of Cards #cards 32 size 80 Howl #buckets 8 coarsen threshold 7372 Howl Bitmap #cards 1024 size 144 coarsen threshold 921 Card regions per heap region 1 cards per card region 8192
 CPUs: 4 total, 4 available
 Memory: 3909M
 Large Page Support: Disabled
 NUMA Support: Disabled
 Compressed Oops: Enabled (Zero based)
 Heap Region Size: 4M
 Heap Min Capacity: 8M
 Heap Initial Capacity: 64M
 Heap Max Capacity: 8G
 Pre-touch: Disabled
 Parallel Workers: 4
 Concurrent Workers: 1
 Concurrent Refinement Workers: 4
 Periodic GC: Disabled
Heap:
 garbage-first heap   total 1196032K, used 259337K [0x0000000600000000, 0x0000000800000000)
  region size 4096K, 4 young (16384K), 4 survivors (16384K)
 Metaspace       used 179768K, committed 182272K, reserved 1245184K
  class space    used 23048K, committed 24256K, reserved 1048576K
GC Heap History (20 events):
Event: 996.099 GC heap after
{Heap after GC invocations=165 (full 0):
 garbage-first heap   total 659456K, used 218285K [0x0000000600000000, 0x0000000800000000)
  region size 4096K, 3 young (12288K), 3 survivors (12288K)
 Metaspace       used 173590K, committed 175936K, reserved 1245184K
  class space    used 22293K, committed 23424K, reserved 1048576K
}
Event: 999.785 GC heap before
{Heap before GC invocations=165 (full 0):
 garbage-first heap   total 659456K, used 599213K [0x0000000600000000, 0x0000000800000000)
  region size 4096K, 96 young (393216K), 3 survivors (12288K)
 Metaspace       used 173617K, committed 176000K, reserved 1245184K
  class space    used 22293K, committed 23424K, reserved 1048576K
}
Event: 999.817 GC heap after
{Heap after GC invocations=166 (full 0):
 garbage-first heap   total 659456K, used 225880K [0x0000000600000000, 0x0000000800000000)
  region size 4096K, 5 young (20480K), 5 survivors (20480K)
 Metaspace       used 173617K, committed 176000K, reserved 1245184K
  class space    used 22293K, committed 23424K, reserved 1048576K
}
Event: 1003.139 GC heap before
{Heap before GC invocations=166 (full 0):
 garbage-first heap   total 659456K, used 594520K [0x0000000600000000, 0x0000000800000000)
  region size 4096K, 96 young (393216K), 5 survivors (20480K)
 Metaspace       used 173620K, committed 176000K, reserved 1245184K
  class space    used 22293K, committed 23424K, reserved 1048576K
}
Event: 1003.181 GC heap after
{Heap after GC invocations=167 (full 0):
 garbage-first heap   total 659456K, used 231315K [0x0000000600000000, 0x0000000800000000)
  region size 4096K, 6 young (24576K), 6 survivors (24576K)
 Metaspace       used 173620K, committed 176000K, reserved 1245184K
  class space    used 22293K, committed 23424K, reserved 1048576K
}
Event: 1007.000 GC heap before
{Heap before GC invocations=167 (full 0):
 garbage-first heap   total 659456K, used 595859K [0x0000000600000000, 0x0000000800000000)
  region size 4096K, 96 young (393216K), 6 survivors (24576K)
 Metaspace       used 173623K, committed 176000K, reserved 1245184K
  class space    used 22293K, committed 23424K, reserved 1048576K
}
Event: 1007.048 GC heap after
{Heap after GC invocations=168 (full 0):
 garbage-first heap   total 659456K, used 236300K [0x0000000600000000, 0x0000000800000000)
  region size 4096K, 8 young (32768K), 8 survivors (32768K)
 Metaspace       used 173623K, committed 176000K, reserved 1245184K
  class space    used 22293K, committed 23424K, reserved 1048576K
}
Event: 1009.059 GC heap before
{Heap before GC invocations=168 (full 0):
 garbage-first heap   total 659456K, used 596748K [0x0000000600000000, 0x0000000800000000)
  region size 4096K, 96 young (393216K), 8 survivors (32768K)
 Metaspace       used 173634K, committed 176064K, reserved 1245184K
  class space    used 22294K, committed 23424K, reserved 1048576K
}
Event: 1009.146 GC heap after
{Heap after GC invocations=169 (full 0):
 garbage-first heap   total 1196032K, used 242445K [0x0000000600000000, 0x0000000800000000)
  region size 4096K, 8 young (32768K), 8 survivors (32768K)
 Metaspace       used 173634K, committed 176064K, reserved 1245184K
  class space    used 22294K, committed 23424K, reserved 1048576K
}
Event: 1015.168 GC heap before
{Heap before GC invocations=169 (full 0):
 garbage-first heap   total 1196032K, used 926477K [0x0000000600000000, 0x0000000800000000)
  region size 4096K, 175 young (716800K), 8 survivors (32768K)
 Metaspace       used 173635K, committed 176064K, reserved 1245184K
  class space    used 22294K, committed 23424K, reserved 1048576K
}
Event: 1015.351 GC heap after
{Heap after GC invocations=170 (full 0):
 garbage-first heap   total 1196032K, used 249505K [0x0000000600000000, 0x0000000800000000)
  region size 4096K, 9 young (36864K), 9 survivors (36864K)
 Metaspace       used 173635K, committed 176064K, reserved 1245184K
  class space    used 22294K, committed 23424K, reserved 1048576K
}
Event: 1024.243 GC heap before
{Heap before GC invocations=170 (full 0):
 garbage-first heap   total 1196032K, used 913057K [0x0000000600000000, 0x0000000800000000)
  region size 4096K, 171 young (700416K), 9 survivors (36864K)
 Metaspace       used 173639K, committed 176064K, reserved 1245184K
  class space    used 22294K, committed 23424K, reserved 1048576K
}
Event: 1024.465 GC heap after
{Heap after GC invocations=171 (full 0):
 garbage-first heap   total 1196032K, used 232131K [0x0000000600000000, 0x0000000800000000)
  region size 4096K, 5 young (20480K), 5 survivors (20480K)
 Metaspace       used 173639K, committed 176064K, reserved 1245184K
  class space    used 22294K, committed 23424K, reserved 1048576K
}
Event: 1034.747 GC heap before
{Heap before GC invocations=171 (full 0):
 garbage-first heap   total 1196032K, used 928451K [0x0000000600000000, 0x0000000800000000)
  region size 4096K, 175 young (716800K), 5 survivors (20480K)
 Metaspace       used 173734K, committed 176064K, reserved 1245184K
  class space    used 22299K, committed 23424K, reserved 1048576K
}
Event: 1034.876 GC heap after
{Heap after GC invocations=172 (full 0):
 garbage-first heap   total 1196032K, used 233121K [0x0000000600000000, 0x0000000800000000)
  region size 4096K, 7 young (28672K), 7 survivors (28672K)
 Metaspace       used 173734K, committed 176064K, reserved 1245184K
  class space    used 22299K, committed 23424K, reserved 1048576K
}
Event: 1357.665 GC heap before
{Heap before GC invocations=172 (full 0):
 garbage-first heap   total 1196032K, used 868001K [0x0000000600000000, 0x0000000800000000)
  region size 4096K, 163 young (667648K), 7 survivors (28672K)
 Metaspace       used 179721K, committed 182208K, reserved 1245184K
  class space    used 23046K, committed 24256K, reserved 1048576K
}
Event: 1358.603 GC heap after
{Heap after GC invocations=173 (full 0):
 garbage-first heap   total 1196032K, used 247457K [0x0000000600000000, 0x0000000800000000)
  region size 4096K, 11 young (45056K), 11 survivors (45056K)
 Metaspace       used 179721K, committed 182208K, reserved 1245184K
  class space    used 23046K, committed 24256K, reserved 1048576K
}
Event: 1358.925 GC heap before
{Heap before GC invocations=173 (full 0):
 garbage-first heap   total 1196032K, used 259745K [0x0000000600000000, 0x0000000800000000)
  region size 4096K, 14 young (57344K), 11 survivors (45056K)
 Metaspace       used 179726K, committed 182208K, reserved 1245184K
  class space    used 23048K, committed 24256K, reserved 1048576K
}
Event: 1359.229 GC heap after
{Heap after GC invocations=174 (full 0):
 garbage-first heap   total 1196032K, used 249368K [0x0000000600000000, 0x0000000800000000)
  region size 4096K, 2 young (8192K), 2 survivors (8192K)
 Metaspace       used 179726K, committed 182208K, reserved 1245184K
  class space    used 23048K, committed 24256K, reserved 1048576K
}
Event: 1426.447 GC heap before
{Heap before GC invocations=174 (full 0):
 garbage-first heap   total 1196032K, used 634392K [0x0000000600000000, 0x0000000800000000)
  region size 4096K, 97 young (397312K), 2 survivors (8192K)
 Metaspace       used 179768K, committed 182272K, reserved 1245184K
  class space    used 23048K, committed 24256K, reserved 1048576K
}

